2026-07-12 22:14:52,206 - DEBUG - Importing JpegImagePlugin
2026-07-12 22:21:20,102 - DEBUG - Importing JpegImagePlugin
2026-07-12 22:54:52,845 - DEBUG - Importing JpegImagePlugin
2026-07-12 22:58:43,486 - DEBUG - Importing JpegImagePlugin
2026-07-12 23:09:25,092 - DEBUG - Importing JpegImagePlugin
2026-07-12 23:10:36,519 - DEBUG - Importing JpegImagePlugin
2026-07-13 00:10:36,368 - DEBUG - Importing JpegImagePlugin
2026-07-13 00:16:06,759 - DEBUG - Importing JpegImagePlugin
2026-07-13 00:17:34,713 - DEBUG - Importing JpegImagePlugin
2026-07-13 00:23:07,515 - DEBUG - Importing JpegImagePlugin
2026-07-13 00:23:14,119 - DEBUG - Importing PngImagePlugin
2026-07-13 00:23:14,249 - DEBUG - STREAM b'IHDR' 16 13
2026-07-13 00:23:14,250 - DEBUG - STREAM b'caBX' 41 24922
2026-07-13 00:23:14,250 - DEBUG - b'caBX' 41 24922 (unknown)
2026-07-13 00:23:14,268 - DEBUG - STREAM b'IDAT' 24975 65536
2026-07-13 16:02:45,602 - DEBUG - Importing JpegImagePlugin
2026-07-13 16:02:55,204 - DEBUG - Importing JpegImagePlugin
2026-07-13 16:03:06,130 - DEBUG - Importing JpegImagePlugin
2026-07-13 16:10:21,325 - DEBUG - Importing JpegImagePlugin
2026-07-13 21:15:18,897 - DEBUG - Importing JpegImagePlugin
2026-07-13 21:20:51,093 - DEBUG - Importing JpegImagePlugin
2026-07-13 21:21:14,858 - DEBUG - Importing JpegImagePlugin
2026-07-13 21:21:23,926 - DEBUG - Importing JpegImagePlugin
