2026-07-10 15:13:44,047 - DEBUG - Importing JpegImagePlugin
2026-07-10 15:13:54,548 - DEBUG - Copy/Cut action triggered: copy_item
2026-07-10 15:13:54,548 - DEBUG - Target file identified: C:\Users\t430\3D Objects\coding\projects\Nyxx\nyxx-backgrounds.html
2026-07-10 15:14:00,537 - DEBUG - Paste action triggered.
2026-07-10 15:14:00,538 - DEBUG - Paste result: {'success': False, 'error': "File 'nyxx-backgrounds.html' already exists here."}
2026-07-10 15:14:14,179 - DEBUG - Paste action triggered.
2026-07-10 15:14:14,263 - DEBUG - Paste result: {'success': True, 'error': "Copied 'nyxx-backgrounds.html' successfully."}
2026-07-10 15:14:28,890 - DEBUG - Copy/Cut action triggered: cut_item
2026-07-10 15:14:28,891 - DEBUG - Target file identified: C:\Users\t430\3D Objects\coding\projects\Nyxx\files\nyxx-backgrounds.html
2026-07-12 16:59:13,641 - DEBUG - Importing JpegImagePlugin
2026-07-12 17:00:43,356 - DEBUG - Importing JpegImagePlugin
2026-07-12 17:01:23,246 - DEBUG - Importing JpegImagePlugin
2026-07-12 17:47:19,287 - DEBUG - Importing JpegImagePlugin
2026-07-12 17:53:55,419 - DEBUG - Importing PngImagePlugin
2026-07-12 17:53:55,484 - DEBUG - STREAM b'IHDR' 16 13
2026-07-12 17:53:55,485 - DEBUG - STREAM b'caBX' 41 24922
2026-07-12 17:53:55,485 - DEBUG - b'caBX' 41 24922 (unknown)
2026-07-12 17:53:55,485 - DEBUG - STREAM b'IDAT' 24975 65536
2026-07-12 17:54:24,027 - DEBUG - STREAM b'IHDR' 16 13
2026-07-12 17:54:24,028 - DEBUG - STREAM b'caBX' 41 24922
2026-07-12 17:54:24,028 - DEBUG - b'caBX' 41 24922 (unknown)
2026-07-12 17:54:24,028 - DEBUG - STREAM b'IDAT' 24975 65536
2026-07-12 17:54:28,083 - DEBUG - STREAM b'IHDR' 16 13
2026-07-12 17:54:28,084 - DEBUG - STREAM b'caBX' 41 24922
2026-07-12 17:54:28,084 - DEBUG - b'caBX' 41 24922 (unknown)
2026-07-12 17:54:28,084 - DEBUG - STREAM b'IDAT' 24975 65536
2026-07-12 17:54:30,231 - DEBUG - STREAM b'IHDR' 16 13
2026-07-12 17:54:30,231 - DEBUG - STREAM b'caBX' 41 24922
2026-07-12 17:54:30,232 - DEBUG - b'caBX' 41 24922 (unknown)
2026-07-12 17:54:30,232 - DEBUG - STREAM b'IDAT' 24975 65536
2026-07-12 17:57:00,870 - DEBUG - STREAM b'IHDR' 16 13
2026-07-12 17:57:00,871 - DEBUG - STREAM b'caBX' 41 24922
2026-07-12 17:57:00,871 - DEBUG - b'caBX' 41 24922 (unknown)
2026-07-12 17:57:00,871 - DEBUG - STREAM b'IDAT' 24975 65536
2026-07-12 17:57:03,064 - DEBUG - STREAM b'IHDR' 16 13
2026-07-12 17:57:03,064 - DEBUG - STREAM b'caBX' 41 24922
2026-07-12 17:57:03,064 - DEBUG - b'caBX' 41 24922 (unknown)
2026-07-12 17:57:03,065 - DEBUG - STREAM b'IDAT' 24975 65536
2026-07-12 17:57:04,489 - DEBUG - STREAM b'IHDR' 16 13
2026-07-12 17:57:04,489 - DEBUG - STREAM b'caBX' 41 24922
2026-07-12 17:57:04,489 - DEBUG - b'caBX' 41 24922 (unknown)
2026-07-12 17:57:04,490 - DEBUG - STREAM b'IDAT' 24975 65536
2026-07-12 17:57:05,883 - DEBUG - STREAM b'IHDR' 16 13
2026-07-12 17:57:05,883 - DEBUG - STREAM b'caBX' 41 24922
2026-07-12 17:57:05,883 - DEBUG - b'caBX' 41 24922 (unknown)
2026-07-12 17:57:05,884 - DEBUG - STREAM b'IDAT' 24975 65536
2026-07-12 17:57:16,504 - DEBUG - Importing PngImagePlugin
2026-07-12 17:57:16,561 - DEBUG - STREAM b'IHDR' 16 13
2026-07-12 17:57:16,562 - DEBUG - STREAM b'caBX' 41 24922
2026-07-12 17:57:16,562 - DEBUG - b'caBX' 41 24922 (unknown)
2026-07-12 17:57:16,562 - DEBUG - STREAM b'IDAT' 24975 65536
2026-07-12 18:07:13,098 - DEBUG - Importing PngImagePlugin
2026-07-12 18:07:13,145 - DEBUG - STREAM b'IHDR' 16 13
2026-07-12 18:07:13,146 - DEBUG - STREAM b'caBX' 41 24922
2026-07-12 18:07:13,146 - DEBUG - b'caBX' 41 24922 (unknown)
2026-07-12 18:07:13,147 - DEBUG - STREAM b'IDAT' 24975 65536
2026-07-12 18:14:03,373 - DEBUG - STREAM b'IHDR' 16 13
2026-07-12 18:14:03,374 - DEBUG - STREAM b'caBX' 41 24922
2026-07-12 18:14:03,375 - DEBUG - b'caBX' 41 24922 (unknown)
2026-07-12 18:14:03,375 - DEBUG - STREAM b'IDAT' 24975 65536
2026-07-12 18:14:04,198 - DEBUG - Importing JpegImagePlugin
2026-07-12 18:23:34,803 - DEBUG - Importing JpegImagePlugin
2026-07-12 18:32:21,263 - DEBUG - Importing JpegImagePlugin
2026-07-12 19:45:14,172 - DEBUG - Importing JpegImagePlugin
2026-07-12 19:45:26,733 - DEBUG - Importing PngImagePlugin
2026-07-12 19:45:26,765 - DEBUG - STREAM b'IHDR' 16 13
2026-07-12 19:45:26,766 - DEBUG - STREAM b'caBX' 41 24922
2026-07-12 19:45:26,766 - DEBUG - b'caBX' 41 24922 (unknown)
2026-07-12 19:45:26,766 - DEBUG - STREAM b'IDAT' 24975 65536
2026-07-12 19:45:41,451 - DEBUG - STREAM b'IHDR' 16 13
2026-07-12 19:45:41,451 - DEBUG - STREAM b'caBX' 41 24922
2026-07-12 19:45:41,451 - DEBUG - b'caBX' 41 24922 (unknown)
2026-07-12 19:45:41,452 - DEBUG - STREAM b'IDAT' 24975 65536
2026-07-12 19:46:07,867 - DEBUG - STREAM b'IHDR' 16 13
2026-07-12 19:46:07,867 - DEBUG - STREAM b'caBX' 41 24922
2026-07-12 19:46:07,868 - DEBUG - b'caBX' 41 24922 (unknown)
2026-07-12 19:46:07,868 - DEBUG - STREAM b'IDAT' 24975 65536
2026-07-12 19:49:22,479 - DEBUG - Importing JpegImagePlugin
2026-07-12 19:51:43,665 - DEBUG - Importing JpegImagePlugin
2026-07-12 19:53:44,020 - DEBUG - Importing JpegImagePlugin
